2020-05-09 13:30:32,597|DEBUG   |__name__|main|Loading dataset...
2020-05-09 13:30:36,569|DEBUG   |loadLogging|load_dataset|shape of 'data/amazon_reviews_multilingual_JP_v1_00.tsv'; (262256, 15)
2020-05-09 13:30:36,571|DEBUG   |loadLogging|load_dataset|  marketplace  customer_id       review_id  ... review_headline                                        review_body review_date
0          JP        65317  R33RSUD4ZTRKT7  ...          残念ながら…             残念ながら…趣味ではありませんでした。ケルト音楽の範疇にも幅があるのですね…  2012-12-05
1          JP        65317  R2U1VB8GPZBBEH  ...          残念ながら…                   残念ながら…趣味ではありませんでした。正直退屈…眠気も起きない…  2012-12-05
2          JP        65696  R1IBRCJPPGWVJW  ...        ドリームキャスト              素晴らしいパフォーマンス。ミュージカル映画版の物足りない歌唱とは違います。  2013-03-02
3          JP        67162   RL02CW5XLYONU  ...         やっぱりマスト  専門的な事を言わずにお勧めレコメを書きたいのですが、文才が無いので無理でした。ヒップホップが...  2013-08-11
4          JP        67701  R2LA2SS3HU3A3L  ...        コスパ的には十分  今までの環境（Core2 Duo E4600)に比べれば十分に快適になりました。<br />...  2013-02-10

[5 rows x 15 columns]
2020-05-09 13:30:47,979|DEBUG   |__name__|main|●○ janome ○●
2020-05-09 13:30:47,985|DEBUG   |__name__|main|Count vectorizing...
2020-05-09 13:34:08,833|DEBUG   |__name__|main|x_train's shape is (8000, 40818)
2020-05-09 13:34:08,834|DEBUG   |__name__|main| x_test's shape is (2000, 40818)
2020-05-09 13:34:08,834|DEBUG   |__name__|main|Selecting features...
2020-05-09 13:35:10,692|DEBUG   |__name__|main|x_train_new's shape is (8000, 7000)
2020-05-09 13:35:10,693|DEBUG   |__name__|main| x_test_new's shape is (2000, 7000)
2020-05-09 13:35:10,694|DEBUG   |__name__|main|Evaluating...
2020-05-09 13:35:12,037|DEBUG   |__name__|main|0.8340
2020-05-09 13:35:12,038|DEBUG   |__name__|main|●○ MeCab ○●
2020-05-09 13:35:12,043|DEBUG   |__name__|main|Count vectorizing...
2020-05-09 13:35:15,155|DEBUG   |__name__|main|x_train's shape is (8000, 48126)
2020-05-09 13:35:15,156|DEBUG   |__name__|main| x_test's shape is (2000, 48126)
2020-05-09 13:35:15,157|DEBUG   |__name__|main|Selecting features...
2020-05-09 13:36:26,921|DEBUG   |__name__|main|x_train_new's shape is (8000, 7000)
2020-05-09 13:36:26,922|DEBUG   |__name__|main| x_test_new's shape is (2000, 7000)
2020-05-09 13:36:26,923|DEBUG   |__name__|main|Evaluating...
2020-05-09 13:36:28,133|DEBUG   |__name__|main|0.8295
